Debug|Reading config...
Debug|Reading referenced images from 'D:\Users\John\OneDrive\GIT\WatchFace-BIP-CummingsDigital\bin'
Trace|Loading images for 2 'Background'
Trace|Loading images for 2.1 'Image'
Trace|Loading image 0...
Trace|Image was loaded from file D:\Users\John\OneDrive\GIT\WatchFace-BIP-CummingsDigital\bin\0000.png
Trace|Loading images for 3 'Time'
Trace|Loading images for 3.1 'TwoDigits'
Trace|Loading images for 3.1.1 'ImageSet'
Trace|Loading image 1...
Trace|Image was loaded from file D:\Users\John\OneDrive\GIT\WatchFace-BIP-CummingsDigital\bin\0001.png
Warn|Dithering applied for an image. Resource in watch face will use only supported colors. You can't get back original image by unpacking watch face.
Trace|Loading image 2...
Trace|Image was loaded from file D:\Users\John\OneDrive\GIT\WatchFace-BIP-CummingsDigital\bin\0002.png
Warn|Dithering applied for an image. Resource in watch face will use only supported colors. You can't get back original image by unpacking watch face.
Trace|Loading image 3...
Trace|Image was loaded from file D:\Users\John\OneDrive\GIT\WatchFace-BIP-CummingsDigital\bin\0003.png
Warn|Dithering applied for an image. Resource in watch face will use only supported colors. You can't get back original image by unpacking watch face.
Trace|Loading image 4...
Trace|Image was loaded from file D:\Users\John\OneDrive\GIT\WatchFace-BIP-CummingsDigital\bin\0004.png
Warn|Dithering applied for an image. Resource in watch face will use only supported colors. You can't get back original image by unpacking watch face.
Trace|Loading image 5...
Trace|Image was loaded from file D:\Users\John\OneDrive\GIT\WatchFace-BIP-CummingsDigital\bin\0005.png
Warn|Dithering applied for an image. Resource in watch face will use only supported colors. You can't get back original image by unpacking watch face.
Trace|Loading image 6...
Trace|Image was loaded from file D:\Users\John\OneDrive\GIT\WatchFace-BIP-CummingsDigital\bin\0006.png
Warn|Dithering applied for an image. Resource in watch face will use only supported colors. You can't get back original image by unpacking watch face.
Trace|Loading image 7...
Trace|Image was loaded from file D:\Users\John\OneDrive\GIT\WatchFace-BIP-CummingsDigital\bin\0007.png
Warn|Dithering applied for an image. Resource in watch face will use only supported colors. You can't get back original image by unpacking watch face.
Trace|Loading image 8...
Trace|Image was loaded from file D:\Users\John\OneDrive\GIT\WatchFace-BIP-CummingsDigital\bin\0008.png
Warn|Dithering applied for an image. Resource in watch face will use only supported colors. You can't get back original image by unpacking watch face.
Trace|Loading image 9...
Trace|Image was loaded from file D:\Users\John\OneDrive\GIT\WatchFace-BIP-CummingsDigital\bin\0009.png
Warn|Dithering applied for an image. Resource in watch face will use only supported colors. You can't get back original image by unpacking watch face.
Trace|Loading image 10...
Trace|Image was loaded from file D:\Users\John\OneDrive\GIT\WatchFace-BIP-CummingsDigital\bin\0010.png
Warn|Dithering applied for an image. Resource in watch face will use only supported colors. You can't get back original image by unpacking watch face.
Trace|Loading images for 3.1.2 'ImageSet'
Trace|Loading images for 3.2 'TwoDigits'
Trace|Loading images for 3.2.1 'ImageSet'
Trace|Loading image 11...
Trace|Image was loaded from file D:\Users\John\OneDrive\GIT\WatchFace-BIP-CummingsDigital\bin\0011.png
Warn|Dithering applied for an image. Resource in watch face will use only supported colors. You can't get back original image by unpacking watch face.
Trace|Loading image 12...
Trace|Image was loaded from file D:\Users\John\OneDrive\GIT\WatchFace-BIP-CummingsDigital\bin\0012.png
Warn|Dithering applied for an image. Resource in watch face will use only supported colors. You can't get back original image by unpacking watch face.
Trace|Loading image 13...
Trace|Image was loaded from file D:\Users\John\OneDrive\GIT\WatchFace-BIP-CummingsDigital\bin\0013.png
Warn|Dithering applied for an image. Resource in watch face will use only supported colors. You can't get back original image by unpacking watch face.
Trace|Loading image 14...
Trace|Image was loaded from file D:\Users\John\OneDrive\GIT\WatchFace-BIP-CummingsDigital\bin\0014.png
Warn|Dithering applied for an image. Resource in watch face will use only supported colors. You can't get back original image by unpacking watch face.
Trace|Loading image 15...
Trace|Image was loaded from file D:\Users\John\OneDrive\GIT\WatchFace-BIP-CummingsDigital\bin\0015.png
Warn|Dithering applied for an image. Resource in watch face will use only supported colors. You can't get back original image by unpacking watch face.
Trace|Loading image 16...
Trace|Image was loaded from file D:\Users\John\OneDrive\GIT\WatchFace-BIP-CummingsDigital\bin\0016.png
Warn|Dithering applied for an image. Resource in watch face will use only supported colors. You can't get back original image by unpacking watch face.
Trace|Loading image 17...
Trace|Image was loaded from file D:\Users\John\OneDrive\GIT\WatchFace-BIP-CummingsDigital\bin\0017.png
Warn|Dithering applied for an image. Resource in watch face will use only supported colors. You can't get back original image by unpacking watch face.
Trace|Loading image 18...
Trace|Image was loaded from file D:\Users\John\OneDrive\GIT\WatchFace-BIP-CummingsDigital\bin\0018.png
Warn|Dithering applied for an image. Resource in watch face will use only supported colors. You can't get back original image by unpacking watch face.
Trace|Loading image 19...
Trace|Image was loaded from file D:\Users\John\OneDrive\GIT\WatchFace-BIP-CummingsDigital\bin\0019.png
Warn|Dithering applied for an image. Resource in watch face will use only supported colors. You can't get back original image by unpacking watch face.
Trace|Loading image 20...
Trace|Image was loaded from file D:\Users\John\OneDrive\GIT\WatchFace-BIP-CummingsDigital\bin\0020.png
Warn|Dithering applied for an image. Resource in watch face will use only supported colors. You can't get back original image by unpacking watch face.
Trace|Loading images for 3.2.2 'ImageSet'
Trace|Loading images for 4 'Activity'
Trace|Loading images for 4.1 'Number'
Trace|Loading images for 4.1.5 'TextAlignment'
Trace|Loading image 21...
Trace|Image was loaded from file D:\Users\John\OneDrive\GIT\WatchFace-BIP-CummingsDigital\bin\0061.png
Trace|Loading image 22...
Trace|Image was loaded from file D:\Users\John\OneDrive\GIT\WatchFace-BIP-CummingsDigital\bin\0062.png
Trace|Loading image 23...
Trace|Image was loaded from file D:\Users\John\OneDrive\GIT\WatchFace-BIP-CummingsDigital\bin\0063.png
Trace|Loading image 24...
Trace|Image was loaded from file D:\Users\John\OneDrive\GIT\WatchFace-BIP-CummingsDigital\bin\0064.png
Trace|Loading image 25...
Trace|Image was loaded from file D:\Users\John\OneDrive\GIT\WatchFace-BIP-CummingsDigital\bin\0065.png
Trace|Loading image 26...
Trace|Image was loaded from file D:\Users\John\OneDrive\GIT\WatchFace-BIP-CummingsDigital\bin\0066.png
Trace|Loading image 27...
Trace|Image was loaded from file D:\Users\John\OneDrive\GIT\WatchFace-BIP-CummingsDigital\bin\0067.png
Trace|Loading image 28...
Trace|Image was loaded from file D:\Users\John\OneDrive\GIT\WatchFace-BIP-CummingsDigital\bin\0068.png
Trace|Loading image 29...
Trace|Image was loaded from file D:\Users\John\OneDrive\GIT\WatchFace-BIP-CummingsDigital\bin\0069.png
Trace|Loading image 30...
Trace|Image was loaded from file D:\Users\John\OneDrive\GIT\WatchFace-BIP-CummingsDigital\bin\0070.png
Trace|Loading images for 4.4 'Number'
Trace|Loading images for 4.4.5 'TextAlignment'
Trace|Loading images for 5 'Date'
Trace|Loading images for 5.1 'MonthAndDay'
Trace|Loading images for 5.1.1 'SeparateMonthAndDay'
Trace|Loading images for 5.1.1.3 'Number'
Trace|Loading images for 5.1.1.3.5 'TextAlignment'
Trace|Loading image 31...
Trace|Image was loaded from file D:\Users\John\OneDrive\GIT\WatchFace-BIP-CummingsDigital\bin\0031.png
Trace|Loading image 32...
Trace|Image was loaded from file D:\Users\John\OneDrive\GIT\WatchFace-BIP-CummingsDigital\bin\0032.png
Trace|Loading image 33...
Trace|Image was loaded from file D:\Users\John\OneDrive\GIT\WatchFace-BIP-CummingsDigital\bin\0033.png
Trace|Loading image 34...
Trace|Image was loaded from file D:\Users\John\OneDrive\GIT\WatchFace-BIP-CummingsDigital\bin\0034.png
Trace|Loading image 35...
Trace|Image was loaded from file D:\Users\John\OneDrive\GIT\WatchFace-BIP-CummingsDigital\bin\0035.png
Trace|Loading image 36...
Trace|Image was loaded from file D:\Users\John\OneDrive\GIT\WatchFace-BIP-CummingsDigital\bin\0036.png
Trace|Loading image 37...
Trace|Image was loaded from file D:\Users\John\OneDrive\GIT\WatchFace-BIP-CummingsDigital\bin\0037.png
Trace|Loading image 38...
Trace|Image was loaded from file D:\Users\John\OneDrive\GIT\WatchFace-BIP-CummingsDigital\bin\0038.png
Trace|Loading image 39...
Trace|Image was loaded from file D:\Users\John\OneDrive\GIT\WatchFace-BIP-CummingsDigital\bin\0039.png
Trace|Loading image 40...
Trace|Image was loaded from file D:\Users\John\OneDrive\GIT\WatchFace-BIP-CummingsDigital\bin\0040.png
Trace|Loading images for 5.1.3 'Boolean'
Trace|Loading images for 5.1.4 'Boolean'
Trace|Loading images for 5.2 'ImageSet'
Trace|Loading image 41...
Trace|Image was loaded from file D:\Users\John\OneDrive\GIT\WatchFace-BIP-CummingsDigital\bin\0041.png
Trace|Loading image 42...
Trace|Image was loaded from file D:\Users\John\OneDrive\GIT\WatchFace-BIP-CummingsDigital\bin\0042.png
Trace|Loading image 43...
Trace|Image was loaded from file D:\Users\John\OneDrive\GIT\WatchFace-BIP-CummingsDigital\bin\0043.png
Trace|Loading image 44...
Trace|Image was loaded from file D:\Users\John\OneDrive\GIT\WatchFace-BIP-CummingsDigital\bin\0044.png
Trace|Loading image 45...
Trace|Image was loaded from file D:\Users\John\OneDrive\GIT\WatchFace-BIP-CummingsDigital\bin\0045.png
Trace|Loading image 46...
Trace|Image was loaded from file D:\Users\John\OneDrive\GIT\WatchFace-BIP-CummingsDigital\bin\0046.png
Trace|Loading image 47...
Trace|Image was loaded from file D:\Users\John\OneDrive\GIT\WatchFace-BIP-CummingsDigital\bin\0047.png
Trace|Loading images for 9 'Battery'
Trace|Loading images for 9.2 'ImageSet'
Trace|Loading image 48...
Trace|Image was loaded from file D:\Users\John\OneDrive\GIT\WatchFace-BIP-CummingsDigital\bin\0048.png
Warn|Dithering applied for an image. Resource in watch face will use only supported colors. You can't get back original image by unpacking watch face.
Trace|Loading image 49...
Trace|Image was loaded from file D:\Users\John\OneDrive\GIT\WatchFace-BIP-CummingsDigital\bin\0049.png
Warn|Dithering applied for an image. Resource in watch face will use only supported colors. You can't get back original image by unpacking watch face.
Trace|Loading image 50...
Trace|Image was loaded from file D:\Users\John\OneDrive\GIT\WatchFace-BIP-CummingsDigital\bin\0050.png
Warn|Dithering applied for an image. Resource in watch face will use only supported colors. You can't get back original image by unpacking watch face.
Trace|Loading image 51...
Trace|Image was loaded from file D:\Users\John\OneDrive\GIT\WatchFace-BIP-CummingsDigital\bin\0051.png
Trace|Loading image 52...
Trace|Image was loaded from file D:\Users\John\OneDrive\GIT\WatchFace-BIP-CummingsDigital\bin\0052.png
Trace|Loading image 53...
Trace|Image was loaded from file D:\Users\John\OneDrive\GIT\WatchFace-BIP-CummingsDigital\bin\0053.png
Trace|Loading image 54...
Trace|Image was loaded from file D:\Users\John\OneDrive\GIT\WatchFace-BIP-CummingsDigital\bin\0054.png
Trace|Loading image 55...
Trace|Image was loaded from file D:\Users\John\OneDrive\GIT\WatchFace-BIP-CummingsDigital\bin\0055.png
Trace|Loading image 56...
Trace|Image was loaded from file D:\Users\John\OneDrive\GIT\WatchFace-BIP-CummingsDigital\bin\0056.png
Trace|Loading image 57...
Trace|Image was loaded from file D:\Users\John\OneDrive\GIT\WatchFace-BIP-CummingsDigital\bin\0057.png
Trace|Loading image 58...
Trace|Image was loaded from file D:\Users\John\OneDrive\GIT\WatchFace-BIP-CummingsDigital\bin\0058.png
Trace|Loading image 59...
Trace|Image was loaded from file D:\Users\John\OneDrive\GIT\WatchFace-BIP-CummingsDigital\bin\0059.png
Trace|Loading image 60...
Trace|Image was loaded from file D:\Users\John\OneDrive\GIT\WatchFace-BIP-CummingsDigital\bin\0060.png
Trace|Building parameters for watch face...
Trace|2 'Background'
Trace|2.1 'Image'
Trace|2.1.1 'X': 0
Trace|2.1.2 'Y': 0
Trace|2.1.3 'ImageIndex': 0
Trace|3 'Time'
Trace|3.1 'TwoDigits'
Trace|3.1.1 'ImageSet'
Trace|3.1.1.1 'X': 6
Trace|3.1.1.2 'Y': 38
Trace|3.1.1.3 'ImageIndex': 1
Trace|3.1.1.4 'ImagesCount': 10
Trace|3.1.2 'ImageSet'
Trace|3.1.2.1 'X': 42
Trace|3.1.2.2 'Y': 38
Trace|3.1.2.3 'ImageIndex': 1
Trace|3.1.2.4 'ImagesCount': 10
Trace|3.2 'TwoDigits'
Trace|3.2.1 'ImageSet'
Trace|3.2.1.1 'X': 94
Trace|3.2.1.2 'Y': 38
Trace|3.2.1.3 'ImageIndex': 11
Trace|3.2.1.4 'ImagesCount': 10
Trace|3.2.2 'ImageSet'
Trace|3.2.2.1 'X': 130
Trace|3.2.2.2 'Y': 38
Trace|3.2.2.3 'ImageIndex': 11
Trace|3.2.2.4 'ImagesCount': 10
Trace|3.5 'DrawingOrder': 4660
Trace|4 'Activity'
Trace|4.1 'Number'
Trace|4.1.1 'TopLeftX': 32
Trace|4.1.2 'TopLeftY': 155
Trace|4.1.3 'BottomRightX': 75
Trace|4.1.4 'BottomRightY': 166
Trace|4.1.5 'Alignment': 18
Trace|4.1.6 'Spacing': 1
Trace|4.1.7 'ImageIndex': 21
Trace|4.1.8 'ImagesCount': 10
Trace|4.4 'Number'
Trace|4.4.1 'TopLeftX': 120
Trace|4.4.2 'TopLeftY': 155
Trace|4.4.3 'BottomRightX': 146
Trace|4.4.4 'BottomRightY': 167
Trace|4.4.5 'Alignment': 20
Trace|4.4.6 'Spacing': 1
Trace|4.4.7 'ImageIndex': 21
Trace|4.4.8 'ImagesCount': 10
Trace|5 'Date'
Trace|5.1 'MonthAndDay'
Trace|5.1.1 'SeparateMonthAndDay'
Trace|5.1.1.3 'Number'
Trace|5.1.1.3.1 'TopLeftX': 140
Trace|5.1.1.3.2 'TopLeftY': 14
Trace|5.1.1.3.3 'BottomRightX': 164
Trace|5.1.1.3.4 'BottomRightY': 151
Trace|5.1.1.3.5 'Alignment': 20
Trace|5.1.1.3.6 'Spacing': 0
Trace|5.1.1.3.7 'ImageIndex': 31
Trace|5.1.1.3.8 'ImagesCount': 10
Trace|5.1.3 'TwoDigitsMonth': 0
Trace|5.1.4 'TwoDigitsDay': 1
Trace|5.2 'ImageSet'
Trace|5.2.1 'X': 5
Trace|5.2.2 'Y': 14
Trace|5.2.3 'ImageIndex': 41
Trace|5.2.4 'ImagesCount': 7
Trace|9 'Battery'
Trace|9.2 'ImageSet'
Trace|9.2.1 'X': 86
Trace|9.2.2 'Y': 41
Trace|9.2.3 'ImageIndex': 48
Trace|9.2.4 'ImagesCount': 13
Debug|Generating previews...
Debug|Writing watch face to 'D:\Users\John\OneDrive\GIT\WatchFace-BIP-CummingsDigital\bin\CummingsDigital_24h_packed.bin'
Trace|Encoding parameters...
Trace|Parameter: 2
Trace|1 (0A):
Trace|    1 (08): 0 (00)
Trace|    2 (10): 0 (00)
Trace|    3 (18): 0 (00)
Trace|8 bytes
Trace|Parameter: 3
Trace|1 (0A):
Trace|    1 (0A):
Trace|        1 (08): 6 (06)
Trace|        2 (10): 38 (26)
Trace|        3 (18): 1 (01)
Trace|        4 (20): 10 (0A)
Trace|    10 bytes
Trace|    2 (12):
Trace|        1 (08): 42 (2A)
Trace|        2 (10): 38 (26)
Trace|        3 (18): 1 (01)
Trace|        4 (20): 10 (0A)
Trace|    10 bytes
Trace|22 bytes
Trace|2 (12):
Trace|    1 (0A):
Trace|        1 (08): 94 (5E)
Trace|        2 (10): 38 (26)
Trace|        3 (18): 11 (0B)
Trace|        4 (20): 10 (0A)
Trace|    10 bytes
Trace|    2 (12):
Trace|        1 (08): 130 (82)
Trace|        2 (10): 38 (26)
Trace|        3 (18): 11 (0B)
Trace|        4 (20): 10 (0A)
Trace|    11 bytes
Trace|23 bytes
Trace|5 (28): 4660 (1234)
Trace|Parameter: 4
Trace|1 (0A):
Trace|    1 (08): 32 (20)
Trace|    2 (10): 155 (9B)
Trace|    3 (18): 75 (4B)
Trace|    4 (20): 166 (A6)
Trace|    5 (28): 18 (12)
Trace|    6 (30): 1 (01)
Trace|    7 (38): 21 (15)
Trace|    8 (40): 10 (0A)
Trace|20 bytes
Trace|4 (22):
Trace|    1 (08): 120 (78)
Trace|    2 (10): 155 (9B)
Trace|    3 (18): 146 (92)
Trace|    4 (20): 167 (A7)
Trace|    5 (28): 20 (14)
Trace|    6 (30): 1 (01)
Trace|    7 (38): 21 (15)
Trace|    8 (40): 10 (0A)
Trace|21 bytes
Trace|Parameter: 5
Trace|1 (0A):
Trace|    1 (0A):
Trace|        3 (1A):
Trace|            1 (08): 140 (8C)
Trace|            2 (10): 14 (0E)
Trace|            3 (18): 164 (A4)
Trace|            4 (20): 151 (97)
Trace|            5 (28): 20 (14)
Trace|            6 (30): 0 (00)
Trace|            7 (38): 31 (1F)
Trace|            8 (40): 10 (0A)
Trace|        21 bytes
Trace|    23 bytes
Trace|    3 (18): 0 (00)
Trace|    4 (20): 1 (01)
Trace|29 bytes
Trace|2 (12):
Trace|    1 (08): 5 (05)
Trace|    2 (10): 14 (0E)
Trace|    3 (18): 41 (29)
Trace|    4 (20): 7 (07)
Trace|10 bytes
Trace|Parameter: 9
Trace|2 (12):
Trace|    1 (08): 86 (56)
Trace|    2 (10): 41 (29)
Trace|    3 (18): 48 (30)
Trace|    4 (20): 13 (0D)
Trace|10 bytes
Trace|Encoding offsets and lengths...
Trace|1 (0A):
Trace|    1 (08): 146 (92)
Trace|    2 (10): 61 (3D)
Trace|7 bytes
Trace|2 (12):
Trace|    1 (08): 0 (00)
Trace|    2 (10): 8 (08)
Trace|6 bytes
Trace|3 (1A):
Trace|    1 (08): 8 (08)
Trace|    2 (10): 48 (30)
Trace|6 bytes
Trace|4 (22):
Trace|    1 (08): 56 (38)
Trace|    2 (10): 41 (29)
Trace|6 bytes
Trace|5 (2A):
Trace|    1 (08): 97 (61)
Trace|    2 (10): 39 (27)
Trace|6 bytes
Trace|9 (4A):
Trace|    1 (08): 136 (88)
Trace|    2 (10): 10 (0A)
Trace|7 bytes
Trace|Writing header...
Trace|Writing parameters offsets and lengths...
Trace|Writing parameters...
Trace|Writing images...
Trace|Image 0 offset is 0...
Debug|Encoding image 0...
Trace|Extracting palette...
Trace|Palette item 0: R 00, G 00, B 00
Trace|Palette item 1: R FF, G FF, B FF
Trace|Palette item 2: R FF, G 00, B 00
Trace|Writing image header...
Trace|Width: 176, Height: 176, RowLength: 44
Trace|BPP: 2, PaletteColors: 3, Transaparency: 0
Trace|Writing palette...
Trace|Writing image...
Trace|Image 1 offset is 7772...
Debug|Encoding image 1...
Trace|Extracting palette...
Trace|Palette item 0: R 00, G 00, B 00
Trace|Palette item 1: R FF, G FF, B FF
Trace|Writing image header...
Trace|Width: 37, Height: 100, RowLength: 5
Trace|BPP: 1, PaletteColors: 2, Transaparency: 0
Trace|Writing palette...
Trace|Writing image...
Trace|Image 2 offset is 8296...
Debug|Encoding image 2...
Trace|Extracting palette...
Trace|Palette item 0: R 00, G 00, B 00
Trace|Palette item 1: R FF, G FF, B FF
Trace|Writing image header...
Trace|Width: 37, Height: 100, RowLength: 5
Trace|BPP: 1, PaletteColors: 2, Transaparency: 0
Trace|Writing palette...
Trace|Writing image...
Trace|Image 3 offset is 8820...
Debug|Encoding image 3...
Trace|Extracting palette...
Trace|Palette item 0: R 00, G 00, B 00
Trace|Palette item 1: R FF, G FF, B FF
Trace|Writing image header...
Trace|Width: 37, Height: 100, RowLength: 5
Trace|BPP: 1, PaletteColors: 2, Transaparency: 0
Trace|Writing palette...
Trace|Writing image...
Trace|Image 4 offset is 9344...
Debug|Encoding image 4...
Trace|Extracting palette...
Trace|Palette item 0: R 00, G 00, B 00
Trace|Palette item 1: R FF, G FF, B FF
Trace|Writing image header...
Trace|Width: 37, Height: 100, RowLength: 5
Trace|BPP: 1, PaletteColors: 2, Transaparency: 0
Trace|Writing palette...
Trace|Writing image...
Trace|Image 5 offset is 9868...
Debug|Encoding image 5...
Trace|Extracting palette...
Trace|Palette item 0: R 00, G 00, B 00
Trace|Palette item 1: R FF, G FF, B FF
Trace|Writing image header...
Trace|Width: 37, Height: 100, RowLength: 5
Trace|BPP: 1, PaletteColors: 2, Transaparency: 0
Trace|Writing palette...
Trace|Writing image...
Trace|Image 6 offset is 10392...
Debug|Encoding image 6...
Trace|Extracting palette...
Trace|Palette item 0: R 00, G 00, B 00
Trace|Palette item 1: R FF, G FF, B FF
Trace|Writing image header...
Trace|Width: 37, Height: 100, RowLength: 5
Trace|BPP: 1, PaletteColors: 2, Transaparency: 0
Trace|Writing palette...
Trace|Writing image...
Trace|Image 7 offset is 10916...
Debug|Encoding image 7...
Trace|Extracting palette...
Trace|Palette item 0: R 00, G 00, B 00
Trace|Palette item 1: R FF, G FF, B FF
Trace|Writing image header...
Trace|Width: 37, Height: 100, RowLength: 5
Trace|BPP: 1, PaletteColors: 2, Transaparency: 0
Trace|Writing palette...
Trace|Writing image...
Trace|Image 8 offset is 11440...
Debug|Encoding image 8...
Trace|Extracting palette...
Trace|Palette item 0: R 00, G 00, B 00
Trace|Palette item 1: R FF, G FF, B FF
Trace|Writing image header...
Trace|Width: 37, Height: 100, RowLength: 5
Trace|BPP: 1, PaletteColors: 2, Transaparency: 0
Trace|Writing palette...
Trace|Writing image...
Trace|Image 9 offset is 11964...
Debug|Encoding image 9...
Trace|Extracting palette...
Trace|Palette item 0: R 00, G 00, B 00
Trace|Palette item 1: R FF, G FF, B FF
Trace|Writing image header...
Trace|Width: 37, Height: 100, RowLength: 5
Trace|BPP: 1, PaletteColors: 2, Transaparency: 0
Trace|Writing palette...
Trace|Writing image...
Trace|Image 10 offset is 12488...
Debug|Encoding image 10...
Trace|Extracting palette...
Trace|Palette item 0: R 00, G 00, B 00
Trace|Palette item 1: R FF, G FF, B FF
Trace|Writing image header...
Trace|Width: 37, Height: 100, RowLength: 5
Trace|BPP: 1, PaletteColors: 2, Transaparency: 0
Trace|Writing palette...
Trace|Writing image...
Trace|Image 11 offset is 13012...
Debug|Encoding image 11...
Trace|Extracting palette...
Trace|Palette item 0: R 00, G 00, B 00
Trace|Palette item 1: R FF, G 00, B 00
Trace|Writing image header...
Trace|Width: 37, Height: 100, RowLength: 5
Trace|BPP: 1, PaletteColors: 2, Transaparency: 0
Trace|Writing palette...
Trace|Writing image...
Trace|Image 12 offset is 13536...
Debug|Encoding image 12...
Trace|Extracting palette...
Trace|Palette item 0: R 00, G 00, B 00
Trace|Palette item 1: R FF, G 00, B 00
Trace|Writing image header...
Trace|Width: 37, Height: 100, RowLength: 5
Trace|BPP: 1, PaletteColors: 2, Transaparency: 0
Trace|Writing palette...
Trace|Writing image...
Trace|Image 13 offset is 14060...
Debug|Encoding image 13...
Trace|Extracting palette...
Trace|Palette item 0: R 00, G 00, B 00
Trace|Palette item 1: R FF, G 00, B 00
Trace|Writing image header...
Trace|Width: 37, Height: 100, RowLength: 5
Trace|BPP: 1, PaletteColors: 2, Transaparency: 0
Trace|Writing palette...
Trace|Writing image...
Trace|Image 14 offset is 14584...
Debug|Encoding image 14...
Trace|Extracting palette...
Trace|Palette item 0: R 00, G 00, B 00
Trace|Palette item 1: R FF, G 00, B 00
Trace|Writing image header...
Trace|Width: 37, Height: 100, RowLength: 5
Trace|BPP: 1, PaletteColors: 2, Transaparency: 0
Trace|Writing palette...
Trace|Writing image...
Trace|Image 15 offset is 15108...
Debug|Encoding image 15...
Trace|Extracting palette...
Trace|Palette item 0: R 00, G 00, B 00
Trace|Palette item 1: R FF, G 00, B 00
Trace|Writing image header...
Trace|Width: 37, Height: 100, RowLength: 5
Trace|BPP: 1, PaletteColors: 2, Transaparency: 0
Trace|Writing palette...
Trace|Writing image...
Trace|Image 16 offset is 15632...
Debug|Encoding image 16...
Trace|Extracting palette...
Trace|Palette item 0: R 00, G 00, B 00
Trace|Palette item 1: R FF, G 00, B 00
Trace|Writing image header...
Trace|Width: 37, Height: 100, RowLength: 5
Trace|BPP: 1, PaletteColors: 2, Transaparency: 0
Trace|Writing palette...
Trace|Writing image...
Trace|Image 17 offset is 16156...
Debug|Encoding image 17...
Trace|Extracting palette...
Trace|Palette item 0: R 00, G 00, B 00
Trace|Palette item 1: R FF, G 00, B 00
Trace|Writing image header...
Trace|Width: 37, Height: 100, RowLength: 5
Trace|BPP: 1, PaletteColors: 2, Transaparency: 0
Trace|Writing palette...
Trace|Writing image...
Trace|Image 18 offset is 16680...
Debug|Encoding image 18...
Trace|Extracting palette...
Trace|Palette item 0: R 00, G 00, B 00
Trace|Palette item 1: R FF, G 00, B 00
Trace|Writing image header...
Trace|Width: 37, Height: 100, RowLength: 5
Trace|BPP: 1, PaletteColors: 2, Transaparency: 0
Trace|Writing palette...
Trace|Writing image...
Trace|Image 19 offset is 17204...
Debug|Encoding image 19...
Trace|Extracting palette...
Trace|Palette item 0: R 00, G 00, B 00
Trace|Palette item 1: R FF, G 00, B 00
Trace|Writing image header...
Trace|Width: 37, Height: 100, RowLength: 5
Trace|BPP: 1, PaletteColors: 2, Transaparency: 0
Trace|Writing palette...
Trace|Writing image...
Trace|Image 20 offset is 17728...
Debug|Encoding image 20...
Trace|Extracting palette...
Trace|Palette item 0: R 00, G 00, B 00
Trace|Palette item 1: R FF, G 00, B 00
Trace|Writing image header...
Trace|Width: 37, Height: 100, RowLength: 5
Trace|BPP: 1, PaletteColors: 2, Transaparency: 0
Trace|Writing palette...
Trace|Writing image...
Trace|Image 21 offset is 18252...
Debug|Encoding image 21...
Trace|Extracting palette...
Trace|Palette item 0: R 00, G 00, B 00
Trace|Palette item 1: R FF, G FF, B FF
Trace|Writing image header...
Trace|Width: 8, Height: 12, RowLength: 1
Trace|BPP: 1, PaletteColors: 2, Transaparency: 0
Trace|Writing palette...
Trace|Writing image...
Trace|Image 22 offset is 18288...
Debug|Encoding image 22...
Trace|Extracting palette...
Trace|Palette item 0: R 00, G 00, B 00
Trace|Palette item 1: R FF, G FF, B FF
Trace|Writing image header...
Trace|Width: 8, Height: 12, RowLength: 1
Trace|BPP: 1, PaletteColors: 2, Transaparency: 0
Trace|Writing palette...
Trace|Writing image...
Trace|Image 23 offset is 18324...
Debug|Encoding image 23...
Trace|Extracting palette...
Trace|Palette item 0: R 00, G 00, B 00
Trace|Palette item 1: R FF, G FF, B FF
Trace|Writing image header...
Trace|Width: 8, Height: 12, RowLength: 1
Trace|BPP: 1, PaletteColors: 2, Transaparency: 0
Trace|Writing palette...
Trace|Writing image...
Trace|Image 24 offset is 18360...
Debug|Encoding image 24...
Trace|Extracting palette...
Trace|Palette item 0: R 00, G 00, B 00
Trace|Palette item 1: R FF, G FF, B FF
Trace|Writing image header...
Trace|Width: 8, Height: 12, RowLength: 1
Trace|BPP: 1, PaletteColors: 2, Transaparency: 0
Trace|Writing palette...
Trace|Writing image...
Trace|Image 25 offset is 18396...
Debug|Encoding image 25...
Trace|Extracting palette...
Trace|Palette item 0: R 00, G 00, B 00
Trace|Palette item 1: R FF, G FF, B FF
Trace|Writing image header...
Trace|Width: 8, Height: 12, RowLength: 1
Trace|BPP: 1, PaletteColors: 2, Transaparency: 0
Trace|Writing palette...
Trace|Writing image...
Trace|Image 26 offset is 18432...
Debug|Encoding image 26...
Trace|Extracting palette...
Trace|Palette item 0: R 00, G 00, B 00
Trace|Palette item 1: R FF, G FF, B FF
Trace|Writing image header...
Trace|Width: 8, Height: 12, RowLength: 1
Trace|BPP: 1, PaletteColors: 2, Transaparency: 0
Trace|Writing palette...
Trace|Writing image...
Trace|Image 27 offset is 18468...
Debug|Encoding image 27...
Trace|Extracting palette...
Trace|Palette item 0: R 00, G 00, B 00
Trace|Palette item 1: R FF, G FF, B FF
Trace|Writing image header...
Trace|Width: 8, Height: 12, RowLength: 1
Trace|BPP: 1, PaletteColors: 2, Transaparency: 0
Trace|Writing palette...
Trace|Writing image...
Trace|Image 28 offset is 18504...
Debug|Encoding image 28...
Trace|Extracting palette...
Trace|Palette item 0: R FF, G FF, B FF
Trace|Palette item 1: R 00, G 00, B 00
Trace|Writing image header...
Trace|Width: 8, Height: 12, RowLength: 1
Trace|BPP: 1, PaletteColors: 2, Transaparency: 0
Trace|Writing palette...
Trace|Writing image...
Trace|Image 29 offset is 18540...
Debug|Encoding image 29...
Trace|Extracting palette...
Trace|Palette item 0: R 00, G 00, B 00
Trace|Palette item 1: R FF, G FF, B FF
Trace|Writing image header...
Trace|Width: 8, Height: 12, RowLength: 1
Trace|BPP: 1, PaletteColors: 2, Transaparency: 0
Trace|Writing palette...
Trace|Writing image...
Trace|Image 30 offset is 18576...
Debug|Encoding image 30...
Trace|Extracting palette...
Trace|Palette item 0: R 00, G 00, B 00
Trace|Palette item 1: R FF, G FF, B FF
Trace|Writing image header...
Trace|Width: 8, Height: 12, RowLength: 1
Trace|BPP: 1, PaletteColors: 2, Transaparency: 0
Trace|Writing palette...
Trace|Writing image...
Trace|Image 31 offset is 18612...
Debug|Encoding image 31...
Trace|Extracting palette...
Trace|Palette item 0: R 00, G 00, B 00
Trace|Palette item 1: R FF, G FF, B FF
Trace|Writing image header...
Trace|Width: 12, Height: 16, RowLength: 2
Trace|BPP: 1, PaletteColors: 2, Transaparency: 0
Trace|Writing palette...
Trace|Writing image...
Trace|Image 32 offset is 18668...
Debug|Encoding image 32...
Trace|Extracting palette...
Trace|Palette item 0: R 00, G 00, B 00
Trace|Palette item 1: R FF, G FF, B FF
Trace|Writing image header...
Trace|Width: 12, Height: 16, RowLength: 2
Trace|BPP: 1, PaletteColors: 2, Transaparency: 0
Trace|Writing palette...
Trace|Writing image...
Trace|Image 33 offset is 18724...
Debug|Encoding image 33...
Trace|Extracting palette...
Trace|Palette item 0: R 00, G 00, B 00
Trace|Palette item 1: R FF, G FF, B FF
Trace|Writing image header...
Trace|Width: 12, Height: 16, RowLength: 2
Trace|BPP: 1, PaletteColors: 2, Transaparency: 0
Trace|Writing palette...
Trace|Writing image...
Trace|Image 34 offset is 18780...
Debug|Encoding image 34...
Trace|Extracting palette...
Trace|Palette item 0: R 00, G 00, B 00
Trace|Palette item 1: R FF, G FF, B FF
Trace|Writing image header...
Trace|Width: 12, Height: 16, RowLength: 2
Trace|BPP: 1, PaletteColors: 2, Transaparency: 0
Trace|Writing palette...
Trace|Writing image...
Trace|Image 35 offset is 18836...
Debug|Encoding image 35...
Trace|Extracting palette...
Trace|Palette item 0: R 00, G 00, B 00
Trace|Palette item 1: R FF, G FF, B FF
Trace|Writing image header...
Trace|Width: 12, Height: 16, RowLength: 2
Trace|BPP: 1, PaletteColors: 2, Transaparency: 0
Trace|Writing palette...
Trace|Writing image...
Trace|Image 36 offset is 18892...
Debug|Encoding image 36...
Trace|Extracting palette...
Trace|Palette item 0: R 00, G 00, B 00
Trace|Palette item 1: R FF, G FF, B FF
Trace|Writing image header...
Trace|Width: 12, Height: 16, RowLength: 2
Trace|BPP: 1, PaletteColors: 2, Transaparency: 0
Trace|Writing palette...
Trace|Writing image...
Trace|Image 37 offset is 18948...
Debug|Encoding image 37...
Trace|Extracting palette...
Trace|Palette item 0: R 00, G 00, B 00
Trace|Palette item 1: R FF, G FF, B FF
Trace|Writing image header...
Trace|Width: 12, Height: 16, RowLength: 2
Trace|BPP: 1, PaletteColors: 2, Transaparency: 0
Trace|Writing palette...
Trace|Writing image...
Trace|Image 38 offset is 19004...
Debug|Encoding image 38...
Trace|Extracting palette...
Trace|Palette item 0: R 00, G 00, B 00
Trace|Palette item 1: R FF, G FF, B FF
Trace|Writing image header...
Trace|Width: 12, Height: 16, RowLength: 2
Trace|BPP: 1, PaletteColors: 2, Transaparency: 0
Trace|Writing palette...
Trace|Writing image...
Trace|Image 39 offset is 19060...
Debug|Encoding image 39...
Trace|Extracting palette...
Trace|Palette item 0: R 00, G 00, B 00
Trace|Palette item 1: R FF, G FF, B FF
Trace|Writing image header...
Trace|Width: 12, Height: 16, RowLength: 2
Trace|BPP: 1, PaletteColors: 2, Transaparency: 0
Trace|Writing palette...
Trace|Writing image...
Trace|Image 40 offset is 19116...
Debug|Encoding image 40...
Trace|Extracting palette...
Trace|Palette item 0: R 00, G 00, B 00
Trace|Palette item 1: R FF, G FF, B FF
Trace|Writing image header...
Trace|Width: 12, Height: 16, RowLength: 2
Trace|BPP: 1, PaletteColors: 2, Transaparency: 0
Trace|Writing palette...
Trace|Writing image...
Trace|Image 41 offset is 19172...
Debug|Encoding image 41...
Trace|Extracting palette...
Trace|Palette item 0: R 00, G 00, B 00
Trace|Palette item 1: R FF, G FF, B FF
Trace|Writing image header...
Trace|Width: 97, Height: 16, RowLength: 13
Trace|BPP: 1, PaletteColors: 2, Transaparency: 0
Trace|Writing palette...
Trace|Writing image...
Trace|Image 42 offset is 19404...
Debug|Encoding image 42...
Trace|Extracting palette...
Trace|Palette item 0: R FF, G FF, B FF
Trace|Palette item 1: R 00, G 00, B 00
Trace|Writing image header...
Trace|Width: 92, Height: 16, RowLength: 12
Trace|BPP: 1, PaletteColors: 2, Transaparency: 0
Trace|Writing palette...
Trace|Writing image...
Trace|Image 43 offset is 19620...
Debug|Encoding image 43...
Trace|Extracting palette...
Trace|Palette item 0: R FF, G FF, B FF
Trace|Palette item 1: R 00, G 00, B 00
Trace|Writing image header...
Trace|Width: 130, Height: 16, RowLength: 17
Trace|BPP: 1, PaletteColors: 2, Transaparency: 0
Trace|Writing palette...
Trace|Writing image...
Trace|Image 44 offset is 19916...
Debug|Encoding image 44...
Trace|Extracting palette...
Trace|Palette item 0: R FF, G FF, B FF
Trace|Palette item 1: R 00, G 00, B 00
Trace|Writing image header...
Trace|Width: 109, Height: 16, RowLength: 14
Trace|BPP: 1, PaletteColors: 2, Transaparency: 0
Trace|Writing palette...
Trace|Writing image...
Trace|Image 45 offset is 20164...
Debug|Encoding image 45...
Trace|Extracting palette...
Trace|Palette item 0: R FF, G FF, B FF
Trace|Palette item 1: R 00, G 00, B 00
Trace|Writing image header...
Trace|Width: 70, Height: 16, RowLength: 9
Trace|BPP: 1, PaletteColors: 2, Transaparency: 0
Trace|Writing palette...
Trace|Writing image...
Trace|Image 46 offset is 20332...
Debug|Encoding image 46...
Trace|Extracting palette...
Trace|Palette item 0: R 00, G 00, B 00
Trace|Palette item 1: R FF, G FF, B FF
Trace|Writing image header...
Trace|Width: 108, Height: 16, RowLength: 14
Trace|BPP: 1, PaletteColors: 2, Transaparency: 0
Trace|Writing palette...
Trace|Writing image...
Trace|Image 47 offset is 20580...
Debug|Encoding image 47...
Trace|Extracting palette...
Trace|Palette item 0: R 00, G 00, B 00
Trace|Palette item 1: R FF, G FF, B FF
Trace|Writing image header...
Trace|Width: 86, Height: 16, RowLength: 11
Trace|BPP: 1, PaletteColors: 2, Transaparency: 0
Trace|Writing palette...
Trace|Writing image...
Trace|Image 48 offset is 20780...
Debug|Encoding image 48...
Trace|Extracting palette...
Trace|Palette item 0: R 00, G 00, B 00
Trace|Writing image header...
Trace|Width: 3, Height: 92, RowLength: 1
Trace|BPP: 1, PaletteColors: 1, Transaparency: 0
Trace|Writing palette...
Trace|Writing image...
Trace|Image 49 offset is 20892...
Debug|Encoding image 49...
Trace|Extracting palette...
Trace|Palette item 0: R 00, G 00, B 00
Trace|Palette item 1: R FF, G 00, B 00
Trace|Writing image header...
Trace|Width: 3, Height: 92, RowLength: 1
Trace|BPP: 1, PaletteColors: 2, Transaparency: 0
Trace|Writing palette...
Trace|Writing image...
Trace|Image 50 offset is 21008...
Debug|Encoding image 50...
Trace|Extracting palette...
Trace|Palette item 0: R 00, G 00, B 00
Trace|Palette item 1: R FF, G 00, B 00
Trace|Writing image header...
Trace|Width: 3, Height: 92, RowLength: 1
Trace|BPP: 1, PaletteColors: 2, Transaparency: 0
Trace|Writing palette...
Trace|Writing image...
Trace|Image 51 offset is 21124...
Debug|Encoding image 51...
Trace|Extracting palette...
Trace|Palette item 0: R 00, G 00, B 00
Trace|Palette item 1: R FF, G 00, B 00
Trace|Writing image header...
Trace|Width: 3, Height: 92, RowLength: 1
Trace|BPP: 1, PaletteColors: 2, Transaparency: 0
Trace|Writing palette...
Trace|Writing image...
Trace|Image 52 offset is 21240...
Debug|Encoding image 52...
Trace|Extracting palette...
Trace|Palette item 0: R 00, G 00, B 00
Trace|Palette item 1: R FF, G FF, B FF
Trace|Writing image header...
Trace|Width: 3, Height: 92, RowLength: 1
Trace|BPP: 1, PaletteColors: 2, Transaparency: 0
Trace|Writing palette...
Trace|Writing image...
Trace|Image 53 offset is 21356...
Debug|Encoding image 53...
Trace|Extracting palette...
Trace|Palette item 0: R 00, G 00, B 00
Trace|Palette item 1: R FF, G FF, B FF
Trace|Writing image header...
Trace|Width: 3, Height: 92, RowLength: 1
Trace|BPP: 1, PaletteColors: 2, Transaparency: 0
Trace|Writing palette...
Trace|Writing image...
Trace|Image 54 offset is 21472...
Debug|Encoding image 54...
Trace|Extracting palette...
Trace|Palette item 0: R 00, G 00, B 00
Trace|Palette item 1: R FF, G FF, B FF
Trace|Writing image header...
Trace|Width: 3, Height: 92, RowLength: 1
Trace|BPP: 1, PaletteColors: 2, Transaparency: 0
Trace|Writing palette...
Trace|Writing image...
Trace|Image 55 offset is 21588...
Debug|Encoding image 55...
Trace|Extracting palette...
Trace|Palette item 0: R 00, G 00, B 00
Trace|Palette item 1: R FF, G FF, B FF
Trace|Writing image header...
Trace|Width: 3, Height: 92, RowLength: 1
Trace|BPP: 1, PaletteColors: 2, Transaparency: 0
Trace|Writing palette...
Trace|Writing image...
Trace|Image 56 offset is 21704...
Debug|Encoding image 56...
Trace|Extracting palette...
Trace|Palette item 0: R 00, G 00, B 00
Trace|Palette item 1: R FF, G FF, B FF
Trace|Writing image header...
Trace|Width: 3, Height: 92, RowLength: 1
Trace|BPP: 1, PaletteColors: 2, Transaparency: 0
Trace|Writing palette...
Trace|Writing image...
Trace|Image 57 offset is 21820...
Debug|Encoding image 57...
Trace|Extracting palette...
Trace|Palette item 0: R 00, G 00, B 00
Trace|Palette item 1: R FF, G FF, B FF
Trace|Writing image header...
Trace|Width: 3, Height: 92, RowLength: 1
Trace|BPP: 1, PaletteColors: 2, Transaparency: 0
Trace|Writing palette...
Trace|Writing image...
Trace|Image 58 offset is 21936...
Debug|Encoding image 58...
Trace|Extracting palette...
Trace|Palette item 0: R 00, G 00, B 00
Trace|Palette item 1: R FF, G FF, B FF
Trace|Writing image header...
Trace|Width: 3, Height: 92, RowLength: 1
Trace|BPP: 1, PaletteColors: 2, Transaparency: 0
Trace|Writing palette...
Trace|Writing image...
Trace|Image 59 offset is 22052...
Debug|Encoding image 59...
Trace|Extracting palette...
Trace|Palette item 0: R 00, G 00, B 00
Trace|Palette item 1: R FF, G FF, B FF
Trace|Writing image header...
Trace|Width: 3, Height: 92, RowLength: 1
Trace|BPP: 1, PaletteColors: 2, Transaparency: 0
Trace|Writing palette...
Trace|Writing image...
Trace|Image 60 offset is 22168...
Debug|Encoding image 60...
Trace|Extracting palette...
Trace|Palette item 0: R 00, G 00, B 00
Trace|Palette item 1: R FF, G FF, B FF
Trace|Writing image header...
Trace|Width: 3, Height: 92, RowLength: 1
Trace|BPP: 1, PaletteColors: 2, Transaparency: 0
Trace|Writing palette...
Trace|Writing image...
Trace|Writing images offsets table
Debug|Writing images
